D:\WIN32_CODE\WIN32_2\DEBUG\MFC_3.EXE
D:\WIN32_CODE\WIN32_2\DEBUG\MFC_3.ILK
D:\WIN32_CODE\WIN32_2\DEBUG\MFC_3.PDB
D:\Win32_Code\win32_2\mfc_3\Debug\cl.command.1.tlog
D:\Win32_Code\win32_2\mfc_3\Debug\CL.read.1.tlog
D:\Win32_Code\win32_2\mfc_3\Debug\CL.write.1.tlog
D:\Win32_Code\win32_2\mfc_3\Debug\link.command.1.tlog
D:\Win32_Code\win32_2\mfc_3\Debug\link.read.1.tlog
D:\Win32_Code\win32_2\mfc_3\Debug\link.write.1.tlog
D:\Win32_Code\win32_2\mfc_3\Debug\link-cvtres.read.1.tlog
D:\Win32_Code\win32_2\mfc_3\Debug\link-cvtres.write.1.tlog
D:\WIN32_CODE\WIN32_2\MFC_3\DEBUG\MFC_3.EXE.EMBED.MANIFEST
D:\WIN32_CODE\WIN32_2\MFC_3\DEBUG\MFC_3.EXE.EMBED.MANIFEST.RES
D:\WIN32_CODE\WIN32_2\MFC_3\DEBUG\MFC_3.EXE.INTERMEDIATE.MANIFEST
D:\WIN32_CODE\WIN32_2\MFC_3\DEBUG\MFC_3.OBJ
D:\WIN32_CODE\WIN32_2\MFC_3\DEBUG\MFC_3.PCH
D:\WIN32_CODE\WIN32_2\MFC_3\DEBUG\MFC_3.RES
D:\Win32_Code\win32_2\mfc_3\Debug\mfc_3.vcxprojResolveAssemblyReference.cache
D:\Win32_Code\win32_2\mfc_3\Debug\mfc_3.write.1.tlog
D:\Win32_Code\win32_2\mfc_3\Debug\mfc_3_manifest.rc
D:\Win32_Code\win32_2\mfc_3\Debug\mt.command.1.tlog
D:\Win32_Code\win32_2\mfc_3\Debug\mt.read.1.tlog
D:\Win32_Code\win32_2\mfc_3\Debug\mt.write.1.tlog
D:\Win32_Code\win32_2\mfc_3\Debug\rc.command.1.tlog
D:\Win32_Code\win32_2\mfc_3\Debug\rc.read.1.tlog
D:\Win32_Code\win32_2\mfc_3\Debug\rc.write.1.tlog
D:\WIN32_CODE\WIN32_2\MFC_3\DEBUG\STDAFX.OBJ
D:\Win32_Code\win32_2\mfc_3\Debug\vc100.idb
D:\WIN32_CODE\WIN32_2\MFC_3\DEBUG\VC100.PDB
